# JRE version: OpenJDK Runtime Environment Temurin-21.0.8+9 (21.0.8+9) (build 21.0.8+9-LTS)
# Java VM: OpenJDK 64-Bit Server VM Temurin-21.0.8+9 (21.0.8+9-LTS, mixed mode, sharing, tiered, compressed oops, compressed class ptrs, parallel gc, windows-amd64)
GC Precious Log:
 CardTable entry size: 512
 CPUs: 8 total, 8 available
 Memory: 7941M
 Large Page Support: Disabled
 NUMA Support: Disabled
 Compressed Oops: Enabled (32-bit)
 Alignments: Space 512K, Generation 512K, Heap 2M
 Heap Min Capacity: 100M
 Heap Initial Capacity: 100M
 Heap Max Capacity: 2G
 Pre-touch: Disabled
 Parallel Workers: 8
Heap:
 PSYoungGen      total 3072K, used 300K [0x00000000d5580000, 0x00000000d5980000, 0x0000000100000000)
  eden space 2560K, 2% used [0x00000000d5580000,0x00000000d55931c0,0x00000000d5800000)
  from space 512K, 43% used [0x00000000d5900000,0x00000000d5938000,0x00000000d5980000)
  to   space 512K, 0% used [0x00000000d5880000,0x00000000d5880000,0x00000000d5900000)
 ParOldGen       total 456192K, used 455162K [0x0000000080000000, 0x000000009bd80000, 0x00000000d5580000)
  object space 456192K, 99% used [0x0000000080000000,0x000000009bc7e840,0x000000009bd80000)
 Metaspace       used 99277K, committed 101120K, reserved 1179648K
  class space    used 9571K, committed 10432K, reserved 1048576K
GC Heap History (20 events):
Event: 21868.915 GC heap before
{Heap before GC invocations=8106 (full 11):
 PSYoungGen      total 3072K, used 2749K [0x00000000d5580000, 0x00000000d5980000, 0x0000000100000000)
  eden space 2560K, 97% used [0x00000000d5580000,0x00000000d57ef6f8,0x00000000d5800000)
  from space 512K, 50% used [0x00000000d5900000,0x00000000d5940000,0x00000000d5980000)
  to   space 512K, 0% used [0x00000000d5880000,0x00000000d5880000,0x00000000d5900000)
 ParOldGen       total 423424K, used 423173K [0x0000000080000000, 0x0000000099d80000, 0x00000000d5580000)
  object space 423424K, 99% used [0x0000000080000000,0x0000000099d417d0,0x0000000099d80000)
 Metaspace       used 98888K, committed 100736K, reserved 1179648K
  class space    used 9536K, committed 10432K, reserved 1048576K
}
Event: 21868.917 GC heap after
{Heap after GC invocations=8106 (full 11):
 PSYoungGen      total 3072K, used 160K [0x00000000d5580000, 0x00000000d5980000, 0x0000000100000000)
  eden space 2560K, 0% used [0x00000000d5580000,0x00000000d5580000,0x00000000d5800000)
  from space 512K, 31% used [0x00000000d5880000,0x00000000d58a8000,0x00000000d5900000)
  to   space 512K, 0% used [0x00000000d5900000,0x00000000d5900000,0x00000000d5980000)
 ParOldGen       total 423424K, used 423261K [0x0000000080000000, 0x0000000099d80000, 0x00000000d5580000)
  object space 423424K, 99% used [0x0000000080000000,0x0000000099d577d0,0x0000000099d80000)
 Metaspace       used 98888K, committed 100736K, reserved 1179648K
  class space    used 9536K, committed 10432K, reserved 1048576K
}
Event: 21868.994 GC heap before
{Heap before GC invocations=8107 (full 11):
 PSYoungGen      total 3072K, used 2720K [0x00000000d5580000, 0x00000000d5980000, 0x0000000100000000)
  eden space 2560K, 100% used [0x00000000d5580000,0x00000000d5800000,0x00000000d5800000)
  from space 512K, 31% used [0x00000000d5880000,0x00000000d58a8000,0x00000000d5900000)
  to   space 512K, 0% used [0x00000000d5900000,0x00000000d5900000,0x00000000d5980000)
 ParOldGen       total 423424K, used 423261K [0x0000000080000000, 0x0000000099d80000, 0x00000000d5580000)
  object space 423424K, 99% used [0x0000000080000000,0x0000000099d577d0,0x0000000099d80000)
 Metaspace       used 98889K, committed 100736K, reserved 1179648K
  class space    used 9536K, committed 10432K, reserved 1048576K
}
Event: 21868.997 GC heap after
{Heap after GC invocations=8107 (full 11):
 PSYoungGen      total 3072K, used 192K [0x00000000d5580000, 0x00000000d5980000, 0x0000000100000000)
  eden space 2560K, 0% used [0x00000000d5580000,0x00000000d5580000,0x00000000d5800000)
  from space 512K, 37% used [0x00000000d5900000,0x00000000d5930000,0x00000000d5980000)
  to   space 512K, 0% used [0x00000000d5880000,0x00000000d5880000,0x00000000d5900000)
 ParOldGen       total 423424K, used 423293K [0x0000000080000000, 0x0000000099d80000, 0x00000000d5580000)
  object space 423424K, 99% used [0x0000000080000000,0x0000000099d5f7d0,0x0000000099d80000)
 Metaspace       used 98889K, committed 100736K, reserved 1179648K
  class space    used 9536K, committed 10432K, reserved 1048576K
}
Event: 21869.147 GC heap before
{Heap before GC invocations=8108 (full 11):
 PSYoungGen      total 3072K, used 2752K [0x00000000d5580000, 0x00000000d5980000, 0x0000000100000000)
  eden space 2560K, 100% used [0x00000000d5580000,0x00000000d5800000,0x00000000d5800000)
  from space 512K, 37% used [0x00000000d5900000,0x00000000d5930000,0x00000000d5980000)
  to   space 512K, 0% used [0x00000000d5880000,0x00000000d5880000,0x00000000d5900000)
 ParOldGen       total 423424K, used 423293K [0x0000000080000000, 0x0000000099d80000, 0x00000000d5580000)
  object space 423424K, 99% used [0x0000000080000000,0x0000000099d5f7d0,0x0000000099d80000)
 Metaspace       used 98911K, committed 100736K, reserved 1179648K
  class space    used 9538K, committed 10432K, reserved 1048576K
}
Event: 21869.150 GC heap after
{Heap after GC invocations=8108 (full 11):
 PSYoungGen      total 3072K, used 512K [0x00000000d5580000, 0x00000000d5a00000, 0x0000000100000000)
  eden space 2560K, 0% used [0x00000000d5580000,0x00000000d5580000,0x00000000d5800000)
  from space 512K, 100% used [0x00000000d5880000,0x00000000d5900000,0x00000000d5900000)
  to   space 1024K, 0% used [0x00000000d5900000,0x00000000d5900000,0x00000000d5a00000)
 ParOldGen       total 423424K, used 423341K [0x0000000080000000, 0x0000000099d80000, 0x00000000d5580000)
  object space 423424K, 99% used [0x0000000080000000,0x0000000099d6b7d0,0x0000000099d80000)
 Metaspace       used 98911K, committed 100736K, reserved 1179648K
  class space    used 9538K, committed 10432K, reserved 1048576K
}
Event: 21869.203 GC heap before
{Heap before GC invocations=8109 (full 11):
 PSYoungGen      total 3072K, used 3072K [0x00000000d5580000, 0x00000000d5a00000, 0x0000000100000000)
  eden space 2560K, 100% used [0x00000000d5580000,0x00000000d5800000,0x00000000d5800000)
  from space 512K, 100% used [0x00000000d5880000,0x00000000d5900000,0x00000000d5900000)
  to   space 1024K, 0% used [0x00000000d5900000,0x00000000d5900000,0x00000000d5a00000)
 ParOldGen       total 423424K, used 423341K [0x0000000080000000, 0x0000000099d80000, 0x00000000d5580000)
  object space 423424K, 99% used [0x0000000080000000,0x0000000099d6b7d0,0x0000000099d80000)
 Metaspace       used 98911K, committed 100736K, reserved 1179648K
  class space    used 9538K, committed 10432K, reserved 1048576K
}
Event: 21869.205 GC heap after
{Heap after GC invocations=8109 (full 11):
 PSYoungGen      total 3072K, used 320K [0x00000000d5580000, 0x00000000d5980000, 0x0000000100000000)
  eden space 2560K, 0% used [0x00000000d5580000,0x00000000d5580000,0x00000000d5800000)
  from space 512K, 62% used [0x00000000d5900000,0x00000000d5950000,0x00000000d5980000)
  to   space 512K, 0% used [0x00000000d5880000,0x00000000d5880000,0x00000000d5900000)
 ParOldGen       total 423936K, used 423601K [0x0000000080000000, 0x0000000099e00000, 0x00000000d5580000)
  object space 423936K, 99% used [0x0000000080000000,0x0000000099dac7f0,0x0000000099e00000)
 Metaspace       used 98911K, committed 100736K, reserved 1179648K
  class space    used 9538K, committed 10432K, reserved 1048576K
}
Event: 21869.556 GC heap before
{Heap before GC invocations=8110 (full 11):
 PSYoungGen      total 3072K, used 2880K [0x00000000d5580000, 0x00000000d5980000, 0x0000000100000000)
  eden space 2560K, 100% used [0x00000000d5580000,0x00000000d5800000,0x00000000d5800000)
  from space 512K, 62% used [0x00000000d5900000,0x00000000d5950000,0x00000000d5980000)
  to   space 512K, 0% used [0x00000000d5880000,0x00000000d5880000,0x00000000d5900000)
 ParOldGen       total 423936K, used 423601K [0x0000000080000000, 0x0000000099e00000, 0x00000000d5580000)
  object space 423936K, 99% used [0x0000000080000000,0x0000000099dac7f0,0x0000000099e00000)
 Metaspace       used 99003K, committed 100864K, reserved 1179648K
  class space    used 9549K, committed 10432K, reserved 1048576K
}
Event: 21869.559 GC heap after
{Heap after GC invocations=8110 (full 11):
 PSYoungGen      total 3072K, used 320K [0x00000000d5580000, 0x00000000d5980000, 0x0000000100000000)
  eden space 2560K, 0% used [0x00000000d5580000,0x00000000d5580000,0x00000000d5800000)
  from space 512K, 62% used [0x00000000d5880000,0x00000000d58d0000,0x00000000d5900000)
  to   space 512K, 0% used [0x00000000d5900000,0x00000000d5900000,0x00000000d5980000)
 ParOldGen       total 423936K, used 423721K [0x0000000080000000, 0x0000000099e00000, 0x00000000d5580000)
  object space 423936K, 99% used [0x0000000080000000,0x0000000099dca7f0,0x0000000099e00000)
 Metaspace       used 99003K, committed 100864K, reserved 1179648K
  class space    used 9549K, committed 10432K, reserved 1048576K
}
Event: 21870.354 GC heap before
{Heap before GC invocations=8111 (full 11):
 PSYoungGen      total 3072K, used 2880K [0x00000000d5580000, 0x00000000d5980000, 0x0000000100000000)
  eden space 2560K, 100% used [0x00000000d5580000,0x00000000d5800000,0x00000000d5800000)
  from space 512K, 62% used [0x00000000d5880000,0x00000000d58d0000,0x00000000d5900000)
  to   space 512K, 0% used [0x00000000d5900000,0x00000000d5900000,0x00000000d5980000)
 ParOldGen       total 423936K, used 423721K [0x0000000080000000, 0x0000000099e00000, 0x00000000d5580000)
  object space 423936K, 99% used [0x0000000080000000,0x0000000099dca7f0,0x0000000099e00000)
 Metaspace       used 99185K, committed 100992K, reserved 1179648K
  class space    used 9560K, committed 10432K, reserved 1048576K
}
Event: 21870.360 GC heap after
{Heap after GC invocations=8111 (full 11):
 PSYoungGen      total 3072K, used 389K [0x00000000d5580000, 0x00000000d5980000, 0x0000000100000000)
  eden space 2560K, 0% used [0x00000000d5580000,0x00000000d5580000,0x00000000d5800000)
  from space 512K, 75% used [0x00000000d5900000,0x00000000d5961420,0x00000000d5980000)
  to   space 512K, 0% used [0x00000000d5880000,0x00000000d5880000,0x00000000d5900000)
 ParOldGen       total 423936K, used 423863K [0x0000000080000000, 0x0000000099e00000, 0x00000000d5580000)
  object space 423936K, 99% used [0x0000000080000000,0x0000000099dedf18,0x0000000099e00000)
 Metaspace       used 99185K, committed 100992K, reserved 1179648K
  class space    used 9560K, committed 10432K, reserved 1048576K
}
Event: 21871.642 GC heap before
{Heap before GC invocations=8112 (full 11):
 PSYoungGen      total 3072K, used 2948K [0x00000000d5580000, 0x00000000d5980000, 0x0000000100000000)
  eden space 2560K, 99% used [0x00000000d5580000,0x00000000d57fffc8,0x00000000d5800000)
  from space 512K, 75% used [0x00000000d5900000,0x00000000d5961420,0x00000000d5980000)
  to   space 512K, 0% used [0x00000000d5880000,0x00000000d5880000,0x00000000d5900000)
 ParOldGen       total 423936K, used 423863K [0x0000000080000000, 0x0000000099e00000, 0x00000000d5580000)
  object space 423936K, 99% used [0x0000000080000000,0x0000000099dedf18,0x0000000099e00000)
 Metaspace       used 99186K, committed 100992K, reserved 1179648K
  class space    used 9560K, committed 10432K, reserved 1048576K
}
Event: 21871.647 GC heap after
{Heap after GC invocations=8112 (full 11):
 PSYoungGen      total 3072K, used 384K [0x00000000d5580000, 0x00000000d5980000, 0x0000000100000000)
  eden space 2560K, 0% used [0x00000000d5580000,0x00000000d5580000,0x00000000d5800000)
  from space 512K, 75% used [0x00000000d5880000,0x00000000d58e0000,0x00000000d5900000)
  to   space 512K, 0% used [0x00000000d5900000,0x00000000d5900000,0x00000000d5980000)
 ParOldGen       total 424448K, used 424073K [0x0000000080000000, 0x0000000099e80000, 0x00000000d5580000)
  object space 424448K, 99% used [0x0000000080000000,0x0000000099e227e0,0x0000000099e80000)
 Metaspace       used 99186K, committed 100992K, reserved 1179648K
  class space    used 9560K, committed 10432K, reserved 1048576K
}
Event: 21914.341 GC heap before
{Heap before GC invocations=8113 (full 11):
 PSYoungGen      total 3072K, used 2944K [0x00000000d5580000, 0x00000000d5980000, 0x0000000100000000)
  eden space 2560K, 100% used [0x00000000d5580000,0x00000000d5800000,0x00000000d5800000)
  from space 512K, 75% used [0x00000000d5880000,0x00000000d58e0000,0x00000000d5900000)
  to   space 512K, 0% used [0x00000000d5900000,0x00000000d5900000,0x00000000d5980000)
 ParOldGen       total 424448K, used 424073K [0x0000000080000000, 0x0000000099e80000, 0x00000000d5580000)
  object space 424448K, 99% used [0x0000000080000000,0x0000000099e227e0,0x0000000099e80000)
 Metaspace       used 99192K, committed 100992K, reserved 1179648K
  class space    used 9560K, committed 10432K, reserved 1048576K
}
Event: 21914.518 GC heap after
{Heap after GC invocations=8113 (full 11):
 PSYoungGen      total 3072K, used 384K [0x00000000d5580000, 0x00000000d5980000, 0x0000000100000000)
  eden space 2560K, 0% used [0x00000000d5580000,0x00000000d5580000,0x00000000d5800000)
  from space 512K, 75% used [0x00000000d5900000,0x00000000d5960020,0x00000000d5980000)
  to   space 512K, 0% used [0x00000000d5880000,0x00000000d5880000,0x00000000d5900000)
 ParOldGen       total 424448K, used 424233K [0x0000000080000000, 0x0000000099e80000, 0x00000000d5580000)
  object space 424448K, 99% used [0x0000000080000000,0x0000000099e4a7f0,0x0000000099e80000)
 Metaspace       used 99192K, committed 100992K, reserved 1179648K
  class space    used 9560K, committed 10432K, reserved 1048576K
}
Event: 21916.612 GC heap before
{Heap before GC invocations=8114 (full 11):
 PSYoungGen      total 3072K, used 2944K [0x00000000d5580000, 0x00000000d5980000, 0x0000000100000000)
  eden space 2560K, 100% used [0x00000000d5580000,0x00000000d5800000,0x00000000d5800000)
  from space 512K, 75% used [0x00000000d5900000,0x00000000d5960020,0x00000000d5980000)
  to   space 512K, 0% used [0x00000000d5880000,0x00000000d5880000,0x00000000d5900000)
 ParOldGen       total 424448K, used 424233K [0x0000000080000000, 0x0000000099e80000, 0x00000000d5580000)
  object space 424448K, 99% used [0x0000000080000000,0x0000000099e4a7f0,0x0000000099e80000)
 Metaspace       used 99260K, committed 101056K, reserved 1179648K
  class space    used 9570K, committed 10432K, reserved 1048576K
}
Event: 21916.623 GC heap after
{Heap after GC invocations=8114 (full 11):
 PSYoungGen      total 3072K, used 336K [0x00000000d5580000, 0x00000000d5980000, 0x0000000100000000)
  eden space 2560K, 0% used [0x00000000d5580000,0x00000000d5580000,0x00000000d5800000)
  from space 512K, 65% used [0x00000000d5880000,0x00000000d58d4010,0x00000000d5900000)
  to   space 512K, 0% used [0x00000000d5900000,0x00000000d5900000,0x00000000d5980000)
 ParOldGen       total 424448K, used 424402K [0x0000000080000000, 0x0000000099e80000, 0x00000000d5580000)
  object space 424448K, 99% used [0x0000000080000000,0x0000000099e74810,0x0000000099e80000)
 Metaspace       used 99260K, committed 101056K, reserved 1179648K
  class space    used 9570K, committed 10432K, reserved 1048576K
}
Event: 21919.655 GC heap before
{Heap before GC invocations=8115 (full 11):
 PSYoungGen      total 3072K, used 2896K [0x00000000d5580000, 0x00000000d5980000, 0x0000000100000000)
  eden space 2560K, 100% used [0x00000000d5580000,0x00000000d5800000,0x00000000d5800000)
  from space 512K, 65% used [0x00000000d5880000,0x00000000d58d4010,0x00000000d5900000)
  to   space 512K, 0% used [0x00000000d5900000,0x00000000d5900000,0x00000000d5980000)
 ParOldGen       total 456192K, used 455122K [0x0000000080000000, 0x000000009bd80000, 0x00000000d5580000)
  object space 456192K, 99% used [0x0000000080000000,0x000000009bc74840,0x000000009bd80000)
 Metaspace       used 99277K, committed 101120K, reserved 1179648K
  class space    used 9571K, committed 10432K, reserved 1048576K
}
Event: 21919.667 GC heap after
{Heap after GC invocations=8115 (full 11):
 PSYoungGen      total 3072K, used 224K [0x00000000d5580000, 0x00000000d5980000, 0x0000000100000000)
  eden space 2560K, 0% used [0x00000000d5580000,0x00000000d5580000,0x00000000d5800000)
  from space 512K, 43% used [0x00000000d5900000,0x00000000d5938000,0x00000000d5980000)
  to   space 512K, 0% used [0x00000000d5880000,0x00000000d5880000,0x00000000d5900000)
 ParOldGen       total 456192K, used 455162K [0x0000000080000000, 0x000000009bd80000, 0x00000000d5580000)
  object space 456192K, 99% used [0x0000000080000000,0x000000009bc7e840,0x000000009bd80000)
 Metaspace       used 99277K, committed 101120K, reserved 1179648K
  class space    used 9571K, committed 10432K, reserved 1048576K
}

